<?xml version="1.0" encoding="UTF-8"?>
<testsuite xmlns:xsi="http://www.w3.org/2001/XMLSchema-instance" xsi:noNamespaceSchemaLocation="https://maven.apache.org/surefire/maven-surefire-plugin/xsd/surefire-test-report.xsd" name="kotiki.controllers.controllers.FriendshipControllerTest" time="4.114" tests="4" errors="1" skipped="0" failures="0">
  <properties>
[...]
</properties>
  <testcase name="deleteFriendshipTest" classname="kotiki.controllers.controllers.FriendshipControllerTest" time="0.565">
    <error message="Request processing failed; nested exception is org.springframework.dao.DataIntegrityViolationException: could not execute statement; SQL [n/a]; constraint [null]; nested exception is org.hibernate.exception.ConstraintViolationException: could not execute statement" type="org.springframework.web.util.NestedServletException">org.springframework.web.util.NestedServletException: Request processing failed; nested exception is org.springframework.dao.DataIntegrityViolationException: could not execute statement; SQL [n/a]; constraint [null]; nested exception is org.hibernate.exception.ConstraintViolationException: could not execute statement
	at kotiki.controllers.controllers.FriendshipControllerTest.deleteFriendshipTest(FriendshipControllerTest.java:41)
Caused by: org.springframework.dao.DataIntegrityViolationException: could not execute statement; SQL [n/a]; constraint [null]; nested exception is org.hibernate.exception.ConstraintViolationException: could not execute statement
	at kotiki.controllers.controllers.FriendshipControllerTest.deleteFriendshipTest(FriendshipControllerTest.java:41)
Caused by: org.hibernate.exception.ConstraintViolationException: could not execute statement
	at kotiki.controllers.controllers.FriendshipControllerTest.deleteFriendshipTest(FriendshipControllerTest.java:41)
Caused by: org.postgresql.util.PSQLException: 
ОШИБКА: UPDATE или DELETE в таблице "cats" нарушает ограничение внешнего ключа "fktpt1pf6g7pv578kllcq8v1f7y" таблицы "ownership"
  Подробности: На ключ (id)=(2) всё ещё есть ссылки в таблице "ownership".
	at kotiki.controllers.controllers.FriendshipControllerTest.deleteFriendshipTest(FriendshipControllerTest.java:41)
</error>
    <system-out><![CDATA[2022-07-15 11:33:43.489  INFO 8496 --- [           main] .b.t.c.SpringBootTestContextBootstrapper : Neither @ContextConfiguration nor @ContextHierarchy found for test class [kotiki.controllers.controllers.FriendshipControllerTest], using SpringBootContextLoader
2022-07-15 11:33:43.491  INFO 8496 --- [           main] o.s.t.c.support.AbstractContextLoader    : Could not detect default resource locations for test class [kotiki.controllers.controllers.FriendshipControllerTest]: no resource found for suffixes {-context.xml, Context.groovy}.
2022-07-15 11:33:43.491  INFO 8496 --- [           main] t.c.s.AnnotationConfigContextLoaderUtils : Could not detect default configuration classes for test class [kotiki.controllers.controllers.FriendshipControllerTest]: FriendshipControllerTest does not declare any static, non-private, non-final, nested classes annotated with @Configuration.
2022-07-15 11:33:43.502  INFO 8496 --- [           main] .b.t.c.SpringBootTestContextBootstrapper : Found @SpringBootConfiguration kotiki.controllers.Application for test class kotiki.controllers.controllers.FriendshipControllerTest
2022-07-15 11:33:43.508  INFO 8496 --- [           main] .b.t.c.SpringBootTestContextBootstrapper : Loaded default TestExecutionListener class names from location [META-INF/spring.factories]: [org.springframework.boot.test.mock.mockito.MockitoTestExecutionListener, org.springframework.boot.test.mock.mockito.ResetMocksTestExecutionListener, org.springframework.boot.test.autoconfigure.restdocs.RestDocsTestExecutionListener, org.springframework.boot.test.autoconfigure.web.client.MockRestServiceServerResetTestExecutionListener, org.springframework.boot.test.autoconfigure.web.servlet.MockMvcPrintOnlyOnFailureTestExecutionListener, org.springframework.boot.test.autoconfigure.web.servlet.WebDriverTestExecutionListener, org.springframework.boot.test.autoconfigure.webservices.client.MockWebServiceServerTestExecutionListener, org.springframework.test.context.web.ServletTestExecutionListener, org.springframework.test.context.support.DirtiesContextBeforeModesTestExecutionListener, org.springframework.test.context.event.ApplicationEventsTestExecutionListener, org.springframework.test.context.support.DependencyInjectionTestExecutionListener, org.springframework.test.context.support.DirtiesContextTestExecutionListener, org.springframework.test.context.transaction.TransactionalTestExecutionListener, org.springframework.test.context.jdbc.SqlScriptsTestExecutionListener, org.springframework.test.context.event.EventPublishingTestExecutionListener]
2022-07-15 11:33:43.509  INFO 8496 --- [           main] .b.t.c.SpringBootTestContextBootstrapper : Using TestExecutionListeners: [org.springframework.test.context.web.ServletTestExecutionListener@1c571162, org.springframework.test.context.support.DirtiesContextBeforeModesTestExecutionListener@3e0b1f03, org.springframework.test.context.event.ApplicationEventsTestExecutionListener@d60cbad, org.springframework.boot.test.mock.mockito.MockitoTestExecutionListener@51d9479c, org.springframework.boot.test.autoconfigure.SpringBootDependencyInjectionTestExecutionListener@752180c4, org.springframework.test.context.support.DirtiesContextTestExecutionListener@13346a64, org.springframework.test.context.transaction.TransactionalTestExecutionListener@1802f60c, org.springframework.test.context.jdbc.SqlScriptsTestExecutionListener@3fcb737, org.springframework.test.context.event.EventPublishingTestExecutionListener@7a22302c, org.springframework.boot.test.mock.mockito.ResetMocksTestExecutionListener@4af50246, org.springframework.boot.test.autoconfigure.restdocs.RestDocsTestExecutionListener@45482f82, org.springframework.boot.test.autoconfigure.web.client.MockRestServiceServerResetTestExecutionListener@23eb6d13, org.springframework.boot.test.autoconfigure.web.servlet.MockMvcPrintOnlyOnFailureTestExecutionListener@48a38a12, org.springframework.boot.test.autoconfigure.web.servlet.WebDriverTestExecutionListener@2aa65672, org.springframework.boot.test.autoconfigure.webservices.client.MockWebServiceServerTestExecutionListener@2e96489b]

  .   ____          _            __ _ _
 /\\ / ___'_ __ _ _(_)_ __  __ _ \ \ \ \
( ( )\___ | '_ | '_| | '_ \/ _` | \ \ \ \
 \\/  ___)| |_)| | | | | || (_| |  ) ) ) )
  '  |____| .__|_| |_|_| |_\__, | / / / /
 =========|_|==============|___/=/_/_/_/
 :: Spring Boot ::                (v2.7.0)

2022-07-15 11:33:43.682  INFO 8496 --- [           main] k.c.c.FriendshipControllerTest           : Starting FriendshipControllerTest using Java 11.0.3 on Pavel with PID 8496 (started by Pavel in C:\Users\Pavel\IdeaProjects\lab3\Controllers)
2022-07-15 11:33:43.683  INFO 8496 --- [           main] k.c.c.FriendshipControllerTest           : No active profile set, falling back to 1 default profile: "default"
2022-07-15 11:33:44.166  INFO 8496 --- [           main] .s.d.r.c.RepositoryConfigurationDelegate : Bootstrapping Spring Data JPA repositories in DEFAULT mode.
2022-07-15 11:33:44.217  INFO 8496 --- [           main] .s.d.r.c.RepositoryConfigurationDelegate : Finished Spring Data repository scanning in 50 ms. Found 4 JPA repository interfaces.
2022-07-15 11:33:44.703  INFO 8496 --- [           main] o.hibernate.jpa.internal.util.LogHelper  : HHH000204: Processing PersistenceUnitInfo [name: default]
2022-07-15 11:33:44.732  INFO 8496 --- [           main] org.hibernate.dialect.Dialect            : HHH000400: Using dialect: org.hibernate.dialect.PostgreSQLDialect
2022-07-15 11:33:44.848  INFO 8496 --- [           main] com.zaxxer.hikari.HikariDataSource       : HikariPool-2 - Starting...
2022-07-15 11:33:45.175  INFO 8496 --- [           main] com.zaxxer.hikari.HikariDataSource       : HikariPool-2 - Start completed.
2022-07-15 11:33:45.451  INFO 8496 --- [           main] o.h.e.t.j.p.i.JtaPlatformInitiator       : HHH000490: Using JtaPlatform implementation: [org.hibernate.engine.transaction.jta.platform.internal.NoJtaPlatform]
2022-07-15 11:33:45.451  INFO 8496 --- [           main] j.LocalContainerEntityManagerFactoryBean : Initialized JPA EntityManagerFactory for persistence unit 'default'
2022-07-15 11:33:46.164  WARN 8496 --- [           main] JpaBaseConfiguration$JpaWebConfiguration : spring.jpa.open-in-view is enabled by default. Therefore, database queries may be performed during view rendering. Explicitly configure spring.jpa.open-in-view to disable this warning
2022-07-15 11:33:46.929  INFO 8496 --- [           main] o.s.b.t.m.w.SpringBootMockServletContext : Initializing Spring TestDispatcherServlet ''
2022-07-15 11:33:46.929  INFO 8496 --- [           main] o.s.t.web.servlet.TestDispatcherServlet  : Initializing Servlet ''
2022-07-15 11:33:46.930  INFO 8496 --- [           main] o.s.t.web.servlet.TestDispatcherServlet  : Completed initialization in 1 ms
2022-07-15 11:33:46.947  INFO 8496 --- [           main] k.c.c.FriendshipControllerTest           : Started FriendshipControllerTest in 3.433 seconds (JVM running for 15.993)
Hibernate: select friendship0_.id as id1_1_, friendship0_.first_cat_id as first_ca2_1_, friendship0_.second_cat_id as second_c3_1_ from friendship friendship0_ where friendship0_.id=?
Hibernate: select cat0_.id as id1_0_0_, cat0_.breed as breed2_0_0_, cat0_.colour as colour3_0_0_, cat0_.date_of_birth as date_of_4_0_0_, cat0_.name as name5_0_0_ from cats cat0_ where cat0_.id=?
Hibernate: select cat0_.id as id1_0_0_, cat0_.breed as breed2_0_0_, cat0_.colour as colour3_0_0_, cat0_.date_of_birth as date_of_4_0_0_, cat0_.name as name5_0_0_ from cats cat0_ where cat0_.id=?
Hibernate: delete from friendship where id=?
Hibernate: delete from cats where id=?
Hibernate: delete from cats where id=?
2022-07-15 11:33:47.483  WARN 8496 --- [           main] o.h.engine.jdbc.spi.SqlExceptionHelper   : SQL Error: 0, SQLState: 23503
2022-07-15 11:33:47.483 ERROR 8496 --- [           main] o.h.engine.jdbc.spi.SqlExceptionHelper   : ОШИБКА: UPDATE или DELETE в таблице "cats" нарушает ограничение внешнего ключа "fktpt1pf6g7pv578kllcq8v1f7y" таблицы "ownership"
  Подробности: На ключ (id)=(2) всё ещё есть ссылки в таблице "ownership".
2022-07-15 11:33:47.486  INFO 8496 --- [           main] o.h.e.j.b.internal.AbstractBatchImpl     : HHH000010: On release of batch it still contained JDBC statements
]]></system-out>
  </testcase>
  <testcase name="getFriendshipTest" classname="kotiki.controllers.controllers.FriendshipControllerTest" time="0.04"/>
  <testcase name="addFriendshipTest" classname="kotiki.controllers.controllers.FriendshipControllerTest" time="0.092"/>
  <testcase name="getAllFriendshipsTest" classname="kotiki.controllers.controllers.FriendshipControllerTest" time="0.037"/>
</testsuite>