<?xml version="1.0" encoding="UTF-8"?>
<testsuite xmlns:xsi="http://www.w3.org/2001/XMLSchema-instance" xsi:noNamespaceSchemaLocation="https://maven.apache.org/surefire/maven-surefire-plugin/xsd/surefire-test-report.xsd" name="kotiki.controllers.controllers.OwnerControllerTest" time="0.073" tests="4" errors="1" skipped="0" failures="0">
  <properties>
[...]
</properties>
  <testcase name="getAllOwnersTest" classname="kotiki.controllers.controllers.OwnerControllerTest" time="0.008"/>
  <testcase name="addOwnerTest" classname="kotiki.controllers.controllers.OwnerControllerTest" time="0.003">
    <error message="Request processing failed; nested exception is org.springframework.dao.DataIntegrityViolationException: could not execute statement; SQL [n/a]; constraint [null]; nested exception is org.hibernate.exception.ConstraintViolationException: could not execute statement" type="org.springframework.web.util.NestedServletException">org.springframework.web.util.NestedServletException: Request processing failed; nested exception is org.springframework.dao.DataIntegrityViolationException: could not execute statement; SQL [n/a]; constraint [null]; nested exception is org.hibernate.exception.ConstraintViolationException: could not execute statement
	at kotiki.controllers.controllers.OwnerControllerTest.addOwnerTest(OwnerControllerTest.java:48)
Caused by: org.springframework.dao.DataIntegrityViolationException: could not execute statement; SQL [n/a]; constraint [null]; nested exception is org.hibernate.exception.ConstraintViolationException: could not execute statement
	at kotiki.controllers.controllers.OwnerControllerTest.addOwnerTest(OwnerControllerTest.java:48)
Caused by: org.hibernate.exception.ConstraintViolationException: could not execute statement
	at kotiki.controllers.controllers.OwnerControllerTest.addOwnerTest(OwnerControllerTest.java:48)
Caused by: org.postgresql.util.PSQLException: 
ОШИБКА: повторяющееся значение ключа нарушает ограничение уникальности "owners_pkey"
  Подробности: Ключ "(id)=(2)" уже существует.
	at kotiki.controllers.controllers.OwnerControllerTest.addOwnerTest(OwnerControllerTest.java:48)
</error>
    <system-out><![CDATA[Hibernate: insert into owners (date_of_birth, name) values (?, ?)
2022-07-15 11:33:47.780  WARN 8496 --- [           main] o.h.engine.jdbc.spi.SqlExceptionHelper   : SQL Error: 0, SQLState: 23505
2022-07-15 11:33:47.780 ERROR 8496 --- [           main] o.h.engine.jdbc.spi.SqlExceptionHelper   : ОШИБКА: повторяющееся значение ключа нарушает ограничение уникальности "owners_pkey"
  Подробности: Ключ "(id)=(2)" уже существует.
]]></system-out>
  </testcase>
  <testcase name="getOwnerTest" classname="kotiki.controllers.controllers.OwnerControllerTest" time="0.018"/>
  <testcase name="deleteOwnerTest" classname="kotiki.controllers.controllers.OwnerControllerTest" time="0.018"/>
</testsuite>